  Bullet.cpp
C:\Program Files\Microsoft Visual Studio\2022\Community\VC\Tools\MSVC\14.40.33807\include\utility(247,16): warning C4244: 'initializing': conversion from 'double' to '_Ty1', possible loss of data
C:\Program Files\Microsoft Visual Studio\2022\Community\VC\Tools\MSVC\14.40.33807\include\utility(247,16): warning C4244:         with
C:\Program Files\Microsoft Visual Studio\2022\Community\VC\Tools\MSVC\14.40.33807\include\utility(247,16): warning C4244:         [
C:\Program Files\Microsoft Visual Studio\2022\Community\VC\Tools\MSVC\14.40.33807\include\utility(247,16): warning C4244:             _Ty1=int
C:\Program Files\Microsoft Visual Studio\2022\Community\VC\Tools\MSVC\14.40.33807\include\utility(247,16): warning C4244:         ]
C:\Program Files\Microsoft Visual Studio\2022\Community\VC\Tools\MSVC\14.40.33807\include\utility(247,54): warning C4244: 'initializing': conversion from 'double' to '_Ty2', possible loss of data
C:\Program Files\Microsoft Visual Studio\2022\Community\VC\Tools\MSVC\14.40.33807\include\utility(247,54): warning C4244:         with
C:\Program Files\Microsoft Visual Studio\2022\Community\VC\Tools\MSVC\14.40.33807\include\utility(247,54): warning C4244:         [
C:\Program Files\Microsoft Visual Studio\2022\Community\VC\Tools\MSVC\14.40.33807\include\utility(247,54): warning C4244:             _Ty2=int
C:\Program Files\Microsoft Visual Studio\2022\Community\VC\Tools\MSVC\14.40.33807\include\utility(247,54): warning C4244:         ]
  Cell.cpp
  CompareCells.cpp
  Granade.cpp
  main.cpp
C:\Users\benzo\source\repos\AI\Final Project - AI\Graphics\Dungen_Game-AI\Graphics\main.cpp(308,12): warning C4244: 'argument': conversion from 'time_t' to 'unsigned int', possible loss of data
C:\Users\benzo\source\repos\AI\Final Project - AI\Graphics\Dungen_Game-AI\Graphics\main.cpp(457,25): warning C4018: '<': signed/unsigned mismatch
C:\Users\benzo\source\repos\AI\Final Project - AI\Graphics\Dungen_Game-AI\Graphics\main.cpp(544,6): warning C4326: return type of 'main' should be 'int' instead of 'void'
  Room.cpp
  Soldier.cpp
C:\Users\benzo\source\repos\AI\Final Project - AI\Graphics\Dungen_Game-AI\Graphics\Soldier.cpp(79,42): warning C4018: '>=': signed/unsigned mismatch
C:\Users\benzo\source\repos\AI\Final Project - AI\Graphics\Dungen_Game-AI\Graphics\Soldier.cpp(93,23): warning C4018: '<': signed/unsigned mismatch
C:\Users\benzo\source\repos\AI\Final Project - AI\Graphics\Dungen_Game-AI\Graphics\Soldier.cpp(205,60): warning C4018: '>=': signed/unsigned mismatch
C:\Users\benzo\source\repos\AI\Final Project - AI\Graphics\Dungen_Game-AI\Graphics\Soldier.cpp(207,53): warning C4244: 'argument': conversion from 'double' to 'int', possible loss of data
C:\Users\benzo\source\repos\AI\Final Project - AI\Graphics\Dungen_Game-AI\Graphics\Soldier.cpp(207,37): warning C4244: 'argument': conversion from 'double' to 'int', possible loss of data
C:\Users\benzo\source\repos\AI\Final Project - AI\Graphics\Dungen_Game-AI\Graphics\Soldier.cpp(230,27): warning C4018: '<': signed/unsigned mismatch
C:\Users\benzo\source\repos\AI\Final Project - AI\Graphics\Dungen_Game-AI\Graphics\Soldier.cpp(262,31): warning C4244: 'argument': conversion from 'double' to 'int', possible loss of data
C:\Users\benzo\source\repos\AI\Final Project - AI\Graphics\Dungen_Game-AI\Graphics\Soldier.cpp(262,28): warning C4244: 'argument': conversion from 'double' to 'int', possible loss of data
  SoldierAttack.cpp
  SoldierSearchRival.cpp
  SoldierState.cpp
  SoldierSurvive.cpp
  Supporter.cpp
C:\Users\benzo\source\repos\AI\Final Project - AI\Graphics\Dungen_Game-AI\Graphics\Supporter.cpp(21,44): warning C4018: '>=': signed/unsigned mismatch
C:\Users\benzo\source\repos\AI\Final Project - AI\Graphics\Dungen_Game-AI\Graphics\Supporter.cpp(23,62): warning C4244: 'argument': conversion from 'double' to 'int', possible loss of data
C:\Users\benzo\source\repos\AI\Final Project - AI\Graphics\Dungen_Game-AI\Graphics\Supporter.cpp(23,42): warning C4244: 'argument': conversion from 'double' to 'int', possible loss of data
C:\Users\benzo\source\repos\AI\Final Project - AI\Graphics\Dungen_Game-AI\Graphics\Supporter.cpp(33,23): warning C4018: '<': signed/unsigned mismatch
C:\Users\benzo\source\repos\AI\Final Project - AI\Graphics\Dungen_Game-AI\Graphics\Supporter.cpp(84,31): warning C4244: 'argument': conversion from 'double' to 'int', possible loss of data
C:\Users\benzo\source\repos\AI\Final Project - AI\Graphics\Dungen_Game-AI\Graphics\Supporter.cpp(84,28): warning C4244: 'argument': conversion from 'double' to 'int', possible loss of data
  SupporterHelpSoldier.cpp
  SupporterState.cpp
  Team.cpp
  Generating Code...
C:\Users\benzo\source\repos\AI\Final Project - AI\Graphics\Dungen_Game-AI\Graphics\main.cpp(412,1): warning C4715: 'findSoldier': not all control paths return a value
  Graphics.vcxproj -> C:\Users\benzo\source\repos\AI\Final Project - AI\Graphics\Dungen_Game-AI\Debug\Graphics.exe
