c:\users\benzo\source\repos\ai\dungen_game-ai_newver\dungen_game-ai\dungen_game-ai\graphics\debug\vc143.pdb
c:\users\benzo\source\repos\ai\dungen_game-ai_newver\dungen_game-ai\dungen_game-ai\graphics\debug\vc143.idb
c:\users\benzo\source\repos\ai\dungen_game-ai_newver\dungen_game-ai\dungen_game-ai\graphics\debug\team.obj
c:\users\benzo\source\repos\ai\dungen_game-ai_newver\dungen_game-ai\dungen_game-ai\graphics\debug\supporterstate.obj
c:\users\benzo\source\repos\ai\dungen_game-ai_newver\dungen_game-ai\dungen_game-ai\graphics\debug\supporterhelpteammate.obj
c:\users\benzo\source\repos\ai\dungen_game-ai_newver\dungen_game-ai\dungen_game-ai\graphics\debug\supporterfollowstate.obj
c:\users\benzo\source\repos\ai\dungen_game-ai_newver\dungen_game-ai\dungen_game-ai\graphics\debug\supporter.obj
c:\users\benzo\source\repos\ai\dungen_game-ai_newver\dungen_game-ai\dungen_game-ai\graphics\debug\soldiersurvive.obj
c:\users\benzo\source\repos\ai\dungen_game-ai_newver\dungen_game-ai\dungen_game-ai\graphics\debug\soldierstate.obj
c:\users\benzo\source\repos\ai\dungen_game-ai_newver\dungen_game-ai\dungen_game-ai\graphics\debug\soldiersearchrival.obj
c:\users\benzo\source\repos\ai\dungen_game-ai_newver\dungen_game-ai\dungen_game-ai\graphics\debug\soldierattack.obj
c:\users\benzo\source\repos\ai\dungen_game-ai_newver\dungen_game-ai\dungen_game-ai\graphics\debug\soldier.obj
c:\users\benzo\source\repos\ai\dungen_game-ai_newver\dungen_game-ai\dungen_game-ai\graphics\debug\room.obj
c:\users\benzo\source\repos\ai\dungen_game-ai_newver\dungen_game-ai\dungen_game-ai\graphics\debug\main.obj
c:\users\benzo\source\repos\ai\dungen_game-ai_newver\dungen_game-ai\dungen_game-ai\graphics\debug\granade.obj
c:\users\benzo\source\repos\ai\dungen_game-ai_newver\dungen_game-ai\dungen_game-ai\graphics\debug\comparecells.obj
c:\users\benzo\source\repos\ai\dungen_game-ai_newver\dungen_game-ai\dungen_game-ai\graphics\debug\cell.obj
c:\users\benzo\source\repos\ai\dungen_game-ai_newver\dungen_game-ai\dungen_game-ai\graphics\debug\bullet.obj
c:\users\benzo\source\repos\ai\dungen_game-ai_newver\dungen_game-ai\dungen_game-ai\debug\graphics.exe
c:\users\benzo\source\repos\ai\dungen_game-ai_newver\dungen_game-ai\dungen_game-ai\debug\graphics.pdb
c:\users\benzo\source\repos\ai\dungen_game-ai_newver\dungen_game-ai\dungen_game-ai\graphics\debug\graphics.res
c:\users\benzo\source\repos\ai\dungen_game-ai_newver\dungen_game-ai\dungen_game-ai\graphics\debug\graphics.ilk
c:\users\benzo\source\repos\ai\dungen_game-ai_newver\dungen_game-ai\dungen_game-ai\graphics\debug\graphics.tlog\cl.command.1.tlog
c:\users\benzo\source\repos\ai\dungen_game-ai_newver\dungen_game-ai\dungen_game-ai\graphics\debug\graphics.tlog\cl.items.tlog
c:\users\benzo\source\repos\ai\dungen_game-ai_newver\dungen_game-ai\dungen_game-ai\graphics\debug\graphics.tlog\cl.read.1.tlog
c:\users\benzo\source\repos\ai\dungen_game-ai_newver\dungen_game-ai\dungen_game-ai\graphics\debug\graphics.tlog\cl.write.1.tlog
c:\users\benzo\source\repos\ai\dungen_game-ai_newver\dungen_game-ai\dungen_game-ai\graphics\debug\graphics.tlog\link.command.1.tlog
c:\users\benzo\source\repos\ai\dungen_game-ai_newver\dungen_game-ai\dungen_game-ai\graphics\debug\graphics.tlog\link.read.1.tlog
c:\users\benzo\source\repos\ai\dungen_game-ai_newver\dungen_game-ai\dungen_game-ai\graphics\debug\graphics.tlog\link.secondary.1.tlog
c:\users\benzo\source\repos\ai\dungen_game-ai_newver\dungen_game-ai\dungen_game-ai\graphics\debug\graphics.tlog\link.write.1.tlog
c:\users\benzo\source\repos\ai\dungen_game-ai_newver\dungen_game-ai\dungen_game-ai\graphics\debug\graphics.tlog\rc.command.1.tlog
c:\users\benzo\source\repos\ai\dungen_game-ai_newver\dungen_game-ai\dungen_game-ai\graphics\debug\graphics.tlog\rc.read.1.tlog
c:\users\benzo\source\repos\ai\dungen_game-ai_newver\dungen_game-ai\dungen_game-ai\graphics\debug\graphics.tlog\rc.write.1.tlog
