  Bullet.cpp
C:\Program Files\Microsoft Visual Studio\2022\Community\VC\Tools\MSVC\14.40.33807\include\utility(247,16): warning C4244: 'initializing': conversion from 'double' to '_Ty1', possible loss of data
C:\Program Files\Microsoft Visual Studio\2022\Community\VC\Tools\MSVC\14.40.33807\include\utility(247,16): warning C4244:         with
C:\Program Files\Microsoft Visual Studio\2022\Community\VC\Tools\MSVC\14.40.33807\include\utility(247,16): warning C4244:         [
C:\Program Files\Microsoft Visual Studio\2022\Community\VC\Tools\MSVC\14.40.33807\include\utility(247,16): warning C4244:             _Ty1=int
C:\Program Files\Microsoft Visual Studio\2022\Community\VC\Tools\MSVC\14.40.33807\include\utility(247,16): warning C4244:         ]
C:\Program Files\Microsoft Visual Studio\2022\Community\VC\Tools\MSVC\14.40.33807\include\utility(247,54): warning C4244: 'initializing': conversion from 'double' to '_Ty2', possible loss of data
C:\Program Files\Microsoft Visual Studio\2022\Community\VC\Tools\MSVC\14.40.33807\include\utility(247,54): warning C4244:         with
C:\Program Files\Microsoft Visual Studio\2022\Community\VC\Tools\MSVC\14.40.33807\include\utility(247,54): warning C4244:         [
C:\Program Files\Microsoft Visual Studio\2022\Community\VC\Tools\MSVC\14.40.33807\include\utility(247,54): warning C4244:             _Ty2=int
C:\Program Files\Microsoft Visual Studio\2022\Community\VC\Tools\MSVC\14.40.33807\include\utility(247,54): warning C4244:         ]
  Cell.cpp
  CompareCells.cpp
  Granade.cpp
  main.cpp
C:\Users\benzo\source\repos\AI\Dungen_Game-AI\Dungen_Game-AI\Graphics\Supporter.h(12,11): warning C4200: nonstandard extension used: zero-sized array in struct/union
C:\Users\benzo\source\repos\AI\Dungen_Game-AI\Dungen_Game-AI\Graphics\main.cpp(311,12): warning C4244: 'argument': conversion from 'time_t' to 'unsigned int', possible loss of data
C:\Users\benzo\source\repos\AI\Dungen_Game-AI\Dungen_Game-AI\Graphics\main.cpp(540,6): warning C4326: return type of 'main' should be 'int' instead of 'void'
  Room.cpp
  Soldier.cpp
C:\Users\benzo\source\repos\AI\Dungen_Game-AI\Dungen_Game-AI\Graphics\Supporter.h(12,11): warning C4200: nonstandard extension used: zero-sized array in struct/union
C:\Users\benzo\source\repos\AI\Dungen_Game-AI\Dungen_Game-AI\Graphics\Soldier.cpp(198,53): warning C4244: 'argument': conversion from 'double' to 'int', possible loss of data
C:\Users\benzo\source\repos\AI\Dungen_Game-AI\Dungen_Game-AI\Graphics\Soldier.cpp(198,37): warning C4244: 'argument': conversion from 'double' to 'int', possible loss of data
C:\Users\benzo\source\repos\AI\Dungen_Game-AI\Dungen_Game-AI\Graphics\Soldier.cpp(253,31): warning C4244: 'argument': conversion from 'double' to 'int', possible loss of data
C:\Users\benzo\source\repos\AI\Dungen_Game-AI\Dungen_Game-AI\Graphics\Soldier.cpp(253,28): warning C4244: 'argument': conversion from 'double' to 'int', possible loss of data
  SoldierAttack.cpp
  SoldierSearchRival.cpp
  SoldierState.cpp
  SoldierSurvive.cpp
  Supporter.cpp
C:\Users\benzo\source\repos\AI\Dungen_Game-AI\Dungen_Game-AI\Graphics\Supporter.h(12,11): warning C4200: nonstandard extension used: zero-sized array in struct/union
  Team.cpp
C:\Users\benzo\source\repos\AI\Dungen_Game-AI\Dungen_Game-AI\Graphics\Supporter.h(12,11): warning C4200: nonstandard extension used: zero-sized array in struct/union
  Generating Code...
C:\Users\benzo\source\repos\AI\Dungen_Game-AI\Dungen_Game-AI\Graphics\main.cpp(415,1): warning C4715: 'findSoldier': not all control paths return a value
main.obj : error LNK2019: unresolved external symbol __imp_glutInitWindowPosition referenced in function main
main.obj : error LNK2019: unresolved external symbol __imp_glutInitWindowSize referenced in function main
main.obj : error LNK2019: unresolved external symbol __imp_glutInitDisplayMode referenced in function main
main.obj : error LNK2019: unresolved external symbol __imp_glutMainLoop referenced in function main
main.obj : error LNK2019: unresolved external symbol __imp_glutPostRedisplay referenced in function "void __cdecl idle(void)" (?idle@@YAXXZ)
main.obj : error LNK2019: unresolved external symbol __imp_glutSwapBuffers referenced in function "void __cdecl display(void)" (?display@@YAXXZ)
main.obj : error LNK2019: unresolved external symbol __imp_glutAddMenuEntry referenced in function main
main.obj : error LNK2019: unresolved external symbol __imp_glutAttachMenu referenced in function main
main.obj : error LNK2019: unresolved external symbol __imp_glutIdleFunc referenced in function main
main.obj : error LNK2019: unresolved external symbol __imp_glutDisplayFunc referenced in function main
main.obj : error LNK2019: unresolved external symbol __imp_glutMouseFunc referenced in function main
main.obj : error LNK2019: unresolved external symbol __imp___glutInitWithExit referenced in function glutInit_ATEXIT_HACK
main.obj : error LNK2019: unresolved external symbol __imp___glutCreateWindowWithExit referenced in function glutCreateWindow_ATEXIT_HACK
main.obj : error LNK2019: unresolved external symbol __imp___glutCreateMenuWithExit referenced in function glutCreateMenu_ATEXIT_HACK
freeglut.lib : warning LNK4272: library machine type 'x86' conflicts with target machine type 'x64'
C:\Users\benzo\source\repos\AI\Dungen_Game-AI\Dungen_Game-AI\x64\Debug\Graphics.exe : fatal error LNK1120: 14 unresolved externals
